[    000000] Lnuversio 45.0--gneric budd@lgw-ad64-4)(gccerion .4 (Ubntu 7.4.0-1ubuntu1~18.04.1)) #75-Ubuntu SMP Tue Oct 1 05:24:09 UTC 2019 (Ubuntu 4.15.0-66.75-generic 4.15.18)
[    0.000000] Command line: BOOT_IMAGE=/boot/vmlinuz-4.15.0-66-generic root=UUID=f3638ad1-09b3-4522-a2a0-7cc460e907bc ro console=tty1 console=ttyS0
[    0.000000] KERNEL supported cpus:
[    0.000000]   Intel GenuineIntel
[    0.000000]   AMD AuthenticAMD
[    0.000000]   Centaur CentaurHauls
[    0.000000] x86/fpu: Supporting XSAVE feature 0x001: 'x87 floating point registers'
[    0.00000] x86/fpu: Supporting XSAVE feature 0x002: 'SSE registers'
[    0.000000] x86/fpu: Supporting XSAVE feature 0x004: 'AVX registers'
[    0.000000] x86/fpu: xstate_offset[2]:  576, xstate_sizes[2]:  256
[    0.000000] x86/fpu: Enabled  xstate features 0x7, context size is 832 bytes, using 'standard' format.
[    0.000000] e820: BIOS-provided physical RAM map:
[    0.000000] BIOS-e820: [mem 0x0000000000000000-0x000000000009fbff] usable
[    0.000000] BIOS-e820: [mem 0x000000000009fc00-0x000000000009ffff] reserved
[    0.000000] BIOS-e820: [mem 0x00000000000f0000-0x00000000ffff resered
[  0.00000BIS-e8: mem 0x0000000100000x0000003ffefff]sabl
[   0.000] BIOe820[mm 0x000003f000-0x000003fffffff] AI data
[    000000] BIOS-e820: [mem 0x00000000fec00000-0x00000000fec00fff] reserved
[    0.000000] BIOS-e820: [mem 0x00000000fee00000-0x00000000e00fff] reserved
[    0.000000] BIOS-e820: [mem 0x00000000fffc0000-0x00000000ffffffff] reserved
[    0.000000] NX (Execute Disable) protection: active
[    0.000000] SMBIOS 2.5 present.
[    0.000000] DMI: innotek GmbH VirtualBox/VirtualBox, BIOS VirtualBox 12/01/2006
[    0.000000] Hypervisor detected: KVM
[    0.000000] e820: last_pfn = 0x3fff0 max_arch_pfn = 0x400000000
[    0.000000] MTRR: Disabled
[    0.000000] x86/PAT: MTRRs disabled, skipping PAT initialization too.
[    0.000000] CPU MTRRs all blank - virtualized system.
[    0.000000] x86/PAT: Configuration [0-7]: WB  WT  UC- UC  WB  WT  UC- UC  
[    0.000000] found SMP MP-table at [mem 0x0009fff0-0x0009ffff]
[    0.000000] Scanning 1 areas for low memory corruption
[    0.000000] RAMDISK: [mem 0x35981000-0x36cb7fff]
[    0.000000] ACPI: Erl table checsu verfitionisbled
  0.0000 ACP RDP 000000000000 0024 (v02 VBX 
[   .00000] ACI:SDT 0x00003FF003 003C 01VBOX  VBXSDT 00001 ASL  0000001)
[    0.000000] ACPI: FACP 0x000000003FFF00F0 0000F4 (v04 VBOX   VBOXFACP 00000001 ASL  00000061)
[    0.00000] ACPI: DSDT 0x000000003FFF0470 0021FF (v02 VBOX   VBOXBIOS 00000002 INTL 20100528)
[    0.000000] ACPI: FACS 0x000000003FFF0200 000040
[    0.000000] ACPI: FACS 0x000000003FF02 0000
    0.000] ACP: PIC 00000003FF040 000 (v02 VBX  VBOXAPI000000 A  00000061)
  0.0000 ACPI:SS 0x000003F020 0001C 01 VBO  BOXCPU 000002 NTL 20100528
[    0.000000] No NUMA configuration found
[    0.000000] Faking a node at [mem 0x0000000000000000-0x000000003ffeffff]
[    0.000000] NODE_DATA(0) allocated [mem 0x3ffc5000-0x3ffeffff]
[    0.000000] kvm-clock: cpu 0, msr 0:3ff44001, primary cpu clock
[    0.000000] kvm-clock: Using msrs 4b564d01 and 4b564d00
[    0.000000] kvm-clock: using sched offset of 3892407844 cycles
[    0.000000] clocksource: kvm-clock: mask: 0xffffffffffffffff max_cycles: 0x1cd42e4dffb, max_idle_ns: 881590591483 ns
[    00000] onranges
[    0000000]   MA    mem 0x000000000000x0000000000fff]
[   000000]   MA2    em0x0000001000-0x0000000fefff]
[    000000  Norml empt
[   0.000000]   Device   empty
[    0.000000] Movable zone start for eac node
[    0.000000] Early memory node ranges
[    0.000000]   node   0: [mem 0x0000000000001000-0x000000000009efff]
    0.000000]   node   0: [mem 0x0000000000100000-0x000000003ffeffff]
[    0.000000] Reserved but unavalabl: 8 pas
[   0.000] Initmm tup nod0 [mm 0x00000000010-0000000003ffefff][    00000] ACPI: PM-Timr IOor: 0x400
    .0000] IAPC[]: ap_i 2, rson 32,adres 0xc00000, GSI 0-23
[   0.000000] ACPI: INT_SRC_OVR (bus 0 bus_irq 0 global_irq 2 dfl dfl)
[    0.000000] ACPI: INT_SRC_OVR(bus 0 bus_irq 9 global_irq 9 low level)
[    0.000000] Using ACPI (MADT) for SMP configuration information
[    0.000000] smpboot: Allowing 2 CPUs, 0 hotplug CPUs
[    0.000000] PM: Registered nosave memory: [mem 0x00000000-0x00000fff]
[    0.000000] PM: Registered nosave memory: [mem 0x0009f000-0x0009ffff]
[    0.000000] PM: Registered nosave memory: [mem 0x000a0000-0x000effff]
[    0.000000] PM: Registered nosave memory: [mem 0x000f0000-0x000fffff]
[    0.000000] e820: [mem 0x40000000-0xfebfffff] available for PCI  devices
[    0.000000] Booting paravirtualized kernel on KVM
[    0.000000] clocksource: refined-jiffies: mask: 0xffffffff max_cycles: 0xffffffff, max_idle_ns: 7645519600211568 ns
[    0.000000] random: get_random_bytes called from start_kernel+0x99/0x4fd with crng_init=0
[    0.000000] setup_percpu: NR_CPUS:8192 nr_cpumask_bits:2 nr_cpu_ids:2 nr_node_ids:1
[    0.000000] percpu: Embedded 46 pages/cpu s151552 r8192 d28672 u1048576
[    0.000000] PV qspinlock hash table entries: 256 (order: 0, 4096 bytes)
[    0.000000] Built 1 zonelists, mobility grouping on.  Total pages: 257913
[    0.000000] Policy zone: DMA32
[    0.000000] Kernel command line: BOOT_IMAGE=/boot/vmlinuz-4.15.0-66-generic root=UUID=f3638ad1-09b3-4522-a2a0-7cc460e907bc ro console=tty1 console=ttyS0
[    0.000000] Memory: 982904K/1048120K available (12300K kernel code, 2481K rwdata, 4260K rodata, 2436K init, 2388K bss, 65216K reserved, 0K cma-reserved)
[    0.000000] SLUB: HWalign=64, Order=0-3, MinObjects=0, CPUs=2, Nodes=1
[    0.000000] Kernel/erpae abes isoaton: abed
[  0000000 face: aloting 330entrie i154 pages
[   0.000] Hierarcca RCU ileentatn.
[    00000] 	R rstrictg PUs omNR_CPUS=8192 to nr_cpu_ids=2.[    0.004000] 	Tasks RU enabled.
[    0.004000] RCU: Adjsting geometry for rcu_fanout_leaf=16, nr_cpu_ids=2
[    0.004000] NR_IRQS: 524544, nr_irqs: 440,prallocedirqs: 16
  0.0000 Cool: colo VA+ 80x25
[  00040] onsoe ty1] enale
[   004000 csole[tS0] enaed
[  000400ACPI: ore vision207083
[   0.004000] ACPI: 2 ACPI AML tables successfully acquired and loadd
[    0.004000] APIC: Switch tosymetric I/O mode setup
[    0.004213] x2apic enabled
[    0.008005] Switched APIC routing to physical x2apic.
[    0.012831] ..TIMER: vector=0x30 apic1=0 pin1=2 apic2=-1 pin2=-1
[    0.016007] tsc: Detected 2399.998 MHz processor
[    0.020012] Calibrating delay loop (skipped) preset value.. 4799.99 BogoMIPS (lpj=9599992)
[    0.024008] pid_max: default: 32768 minimum: 301
[    0.028036] Security Framework initialized
[    0.032006] Yama: becoming mindful.
[    0.036033] AppArmor: AppArmor initialized
[    0.041343] Dentry cache hash table entries: 131072 (order: 8, 1048576 bytes)
[    0.044082] Inode-cache hash table entries: 65536 (order: 7, 524288 bytes)
[    0.048046] Mount-cache hash table entries: 2048 (order: 2, 16384 bytes)
[    0.052029] Mountpoint-cache hash table entries: 2048 (order: 2, 16384 bytes)
[    0.054919] Last level iTLB entries: 4KB 64, 2MB 8, 4MB 8
[    0.056005] Last level dTLB entries: 4KB 64, 2MB 0, 4MB 0, 1GB 4
[    0.060006] Spectre V1 : Mitigation: usercopy/swapgs barriers and __user pointer sanitization
[    0.062094] Spectre V2 : Mitigation: Full generic retpoline
[    0.064005] Spectre V2 : Spectre v2 / SpectreRSB mitigation: Filling RSB on context switch
[    0.066075] Speculative Store Bypass: Vulnerable
[    0.068042] MDS: Vulnerable: Clear CPU buffers attempted, no microcode
[    0.069761] Freeing SMP alternatives memory: 36K
[    0.181913] smpboot: CPU0: Intel(R) Core(TM) i5-8279U CPU @ 2.40GHz (family: 0x6, model: 0x8e, stepping: 0xa)
[    0.184092] Performance Events: unsupported p6 CPU model 142 no PMU driver, software events only.
[    0.188066] Hierarchical SRCU implementation.
[    0.196214] NMI watchdog: Perf event create on CPU 0 failed with -2
[    0.200006] NMI watchdog: Perf NMI watchdog permanently disabled
[    0.204076] smp: Bringing up secondary CPUs ...
[    0.208114] x86: Booting SMP configuration:
[    0.212009] .... node  #0, CPUs:      #1
[    0.004000] kvm-clock: cpu 1, msr 0:3ff44041, secondary cpu clock
[    0.240027] smp: Brought up 1 node, 2 CPUs
[    0.244010] smpboot: Max logical packages: 1
[    0.248009] smpboot: Total of 2 processors activated (9599.99 BogoMIPS)
[    0.250013] devtmpfs: initialized
[    0.252058] x86/mm: Memory block size: 128MB
[    0.253651] evm: security.selinux
[    0.254755] evm: security.SMACK64
[    0.256005] evm: security.SMACK64EXEC
[    0.256941] evm: security.SMACK64TRANSMUTE
[    0.258045] evm: security.SMACK64MMAP
[    0.260003] evm: security.apparmor
[    0.261045] evm: security.ima
[    0.264006] evm: security.capability
[    0.264928] clocksource: jiffies: mask: 0xffffffff max_cycles: 0xffffffff, max_idle_ns: 7645041785100000 ns
[    0.268046] futex hash table entries: 512 (order: 3, 32768 bytes)
[    0.272035] pinctrl core: initialized pinctrl subsystem
[    0.273564] RTC time:  3:59:34, date: 11/13/19
[    0.276081] NET: Registered protocol family 16
[    0.277155] audit: initializing netlink subsys (disabled)
[    0.278451] audit: type=2000 audit(1573617569.950:1): state=initialized audit_enabled=0 res=1
[    0.280026] cpuidle: using governor ladder
[    0.284015] cpuidle: using governor menu
[    0.286238] ACPI: bus type PCI registered
[    0.287045] acpiphp: ACPI Hot Plug PCI Controller Driver version: 0.5
[    0.288176] PCI: Using configuration type 1 for base access
[    0.289504] HugeTLB registered 2.00 MiB page size, pre-allocated 0 pages
[    0.292126] ACPI: Added _OSI(Module Device)
[    0.296013] ACPI: Added _OSI(Processor Device)
[    0.296922] ACPI: Added _OSI(3.0 _SCP Extensions)
[    0.297918] ACPI: Added _OSI(Processor Aggregator Device)
[    0.299034] ACPI: Added _OSI(Linux-Dell-Video)
[    0.300011] ACPI: Added _OSI(Linux-Lenovo-NV-HDMI-Audio)
[    0.304009] ACPI: Added _OSI(Linux-HPI-Hybrid-Graphics)
[    0.308405] ACPI: Executed 1 blocks of module-level executable AML code
[    0.316666] ACPI: Interpreter enabled
[    0.320020] ACPI: (supports S0 S5)
[    0.324011] ACPI: Using IOAPIC for interrupt routing
[    0.328232] PCI: Using host bridge windows from ACPI; if necessary, use "pci=nocrs" and report a bug
[    0.332209] ACPI: Enabled 2 GPEs in block 00 to 07
[    0.343891] ACPI: PCI Root Bridge [PCI0] (domain 0000 [bus 00-ff])
[    0.344020] acpi PNP0A03:00: _OSC: OS supports [ASPM ClockPM Segments MSI]
[    0.348050] acpi PNP0A03:00: _OSC: not requesting OS control; OS requires [ExtendedConfig ASPM ClockPM MSI]
[    0.352101] acpi PNP0A03:00: fail to add MMCONFIG information, can't access extended PCI configuration space under this bridge.
[    0.356673] PCI host bridge to bus 0000:00
[    0.358108] pci_bus 0000:00: root bus resource [io  0x0000-0x0cf7 window]
[    0.360006] pci_bus 0000:00: root bus resource [io  0x0d00-0xffff window]
[    0.364009] pci_bus 0000:00: root bus resource [mem 0x000a0000-0x000bffff window]
[    0.366186] pci_bus 0000:00: root bus resource [mem 0x40000000-0xfdffffff window]
[    0.368008] pci_bus 0000:00: root bus resource [bus 00-ff]
[    0.376949] pci 0000:00:01.1: legacy IDE quirk: reg 0x10: [io  0x01f0-0x01f7]
[    0.379706] pci 0000:00:01.1: legacy IDE quirk: reg 0x14: [io  0x03f6]
[    0.380005] pci 0000:00:01.1: legacy IDE quirk: reg 0x18: [io  0x0170-0x0177]
[    0.381776] pci 0000:00:01.1: legacy IDE quirk: reg 0x1c: [io  0x0376]
[    0.404171] pci 0000:00:07.0: quirk: [io  0x4000-0x403f] claimed by PIIX4 ACPI
[    0.405805] pci 0000:00:07.0: quirk: [io  0x4100-0x410f] claimed by PIIX4 SMB
[    0.418548] ACPI: PCI Interrupt Link [LNKA] (IRQs 5 9 10 *11)
[    0.420295] ACPI: PCI Interrupt Link [LNKB] (IRQs 5 9 *10 11)
[    0.428066] ACPI: PCI Interrupt Link [LNKC] (IRQs 5 *9 10 11)
[    0.430746] ACPI: PCI Interrupt Link [LNKD] (IRQs 5 9 10 *11)
[    0.432822] SCSI subsystem initialized
[    0.434453] pci 0000:00:02.0: vgaarb: setting as boot VGA device
[    0.436000] pci 0000:00:02.0: vgaarb: VGA device added: decodes=io+mem,owns=io+mem,locks=none
[    0.436035] pci 0000:00:02.0: vgaarb: bridge control possible
[    0.440005] vgaarb: loaded
[    0.440805] ACPI: bus type USB registered
[    0.442069] usbcore: registered new interface driver usbfs
[    0.443337] usbcore: registered new interface driver hub
[    0.444033] usbcore: registered new device driver usb
[    0.445312] EDAC MC: Ver: 3.0.0
[    0.445312] PCI: Using ACPI for IRQ routing
[    0.448479] NetLabel: Initializing
[    0.449483] NetLabel:  domain hash size = 128
[    0.452005] NetLabel:  protocols = UNLABELED CIPSOv4 CALIPSO
[    0.453505] NetLabel:  unlabeled traffic allowed by default
[    0.456080] clocksource: Switched to clocksource kvm-clock
[    0.470737] VFS: Disk quotas dquot_6.6.0
[    0.471693] VFS: Dquot-cache hash table entries: 512 (order 0, 4096 bytes)
[    0.473116] AppArmor: AppArmor Filesystem Enabled
[    0.474229] pnp: PnP ACPI init
[    0.476072] pnp: PnP ACPI: found 3 devices
[    .48618] clocksource: acpi_pm: msk: 0xffffff max_cycles: 0xffffff, max_idle_ns: 2087024s  0.8103] T:egted otolfamil 2
[    1.1340] TCPesblshd hash table entries: 8192 (order: 4, 65536 bytes)

[    1.319553] TCP bind hash table entries: 8192 (order: 5, 131072 bytes)
[    1.323357] TCP: Hash tables configured (established 8192 bind 8192)
[    1.324966] UDP hash table entries: 512 (order: 2, 16384 bytes)
[    1.326350] UDP-Lite hash table entries: 512 (order: 2, 16384 bytes)
[    1.328005] NET: Registered protocol family 1
[    1.329160] pci 0000:00:00.0: Limiting direct PCI/PCI transfers
[    1.330634] pci 0000:00:01.0: Activating ISA MA anwoarnd
[  15378 p 00::02.0:Vio vi wh adedOMt me0x0c00x0dff]

[    2.422959] Unpacking initramfs...
[    2.670520] Freeing initrd memory: 19676K
[    2.763489] clocksource: tsc: mask: 0xffffffffffffffff max_cycles: 0x229835b7123, max_idle_ns: 440795242976 ns
[    3.022062] platform rtc_cmos: registered platform RTC device (no PNP device found)
[    3.213728] Scanning for low memory corruption every 60 seconds
[    3.341299] Initialise system trusted keyrings
[    3.424980] Key type blacklist registered
[    3.462120] workingset: timestamp_bits=36 max_order=18 bucket_order=0
[    3.488359] zbud: loaded
[    3.490764] squashfs: version 4.0 (2009/01/31) Phillip Lougher
[    3.492962] fuse init (API version 7.26)
[    3.498855] Key type asymmetric registered
[    3.500288] Asymmetric key parser 'x509' registered
[    3.501761] Block layer SCSI generic (bsg) driver version 0.4 loaded (major 246)
[    3.504082] io scheduler noop registered
[    3.512425] io scheduler deadline registered
[    3.513715] io scheduler cfq registered (default)
[    3.515647] ACPI: AC Adapter [AC] (off-line)
[    3.516959] input: Power Button as /devices/LNXSYSTM:00/LNXPWRBN:00/input/input0
[    3.519141] ACPI: Power Button [PWRF]
[    3.520340] input: Sleep Button as /devices/LNXSYSTM:00/LNXSLPBN:00/input/input1
[    3.524722] ACPI: Sleep Button [SLPF]
[    3.530114] ACPI: Battery Slot [BAT0] (battery present)
[    3.531944] Serial: 8250/16550 driver, 32 ports, IRQ sharing enabled
[    3.570290] 00:02: ttyS0 at I/O 0x3f8 (irq = 4, base_baud = 115200) is a 16550A
[    3.749739] Linux agpgart interface v0.103
[    3.753181] loop: module loaded
[    3.754336] scsi host0: ata_piix
[    3.755113] scsi host1: ata_piix
[    3.755798] ata1: PATA max UDMA/33 cmd 0x1f0 ctl 0x3f6 bmdma 0xd000 irq 14
[    3.757113] ata2: PATA max UDMA/33 cmd 0x170 ctl 0x376 bmdma 0xd008 irq 15
[    3.758968] libphy: Fixed MDIO Bus: probed
[    3.759747] tun: Universal TUN/TAP device driver, 1.6
[    3.760993] PPP generic driver version 2.4.2
[    3.761994] ehci_hcd: USB 2.0 'Enhanced' Host Controller (EHCI) Driver
[    3.763233] ehci-pci: EHCI PCI platform driver
[    3.776589] ehci-platform: EHCI generic platform driver
[    3.876779] ohci_hcd: USB 1.1 'Open' Host Controller (OHCI) Driver
[    3.992702] ohci-pci: OHCI PCI platform driver
[    4.093715] ohci-platform: OHCI generic platform driver
[    4.192625] uhci_hcd: USB Universal Host Controller Interface driver
[    4.306068] i8042: PNP: PS/2 Controller [PNP0303:PS2K,PNP0f03:PS2M] at 0x60,0x64 irq 1,12
[    4.466872] serio: i8042 KBD port at 0x60,0x64 irq 1
[    4.560721] serio: i8042 AUX port at 0x60,0x64 irq 12
[    4.585748] mousedev: PS/2 mouse device common for all mice
[    4.588983] rtc_cmos rtc_cmos: rtc core: registered rtc_cmos as rtc0
[    4.592190] rtc_cmos rtc_cmos: alarms up to one day, 114 bytes nvram
[    4.593897] input: AT Translated Set 2 keyboard as /devices/platform/i8042/serio0/input/input2
[    4.596151] i2c /dev entries driver
[    4.597425] device-mapper: uevent: version 1.0.3
[    4.599015] device-mapper: ioctl: 4.37.0-ioctl (2017-09-20) initialised: dm-devel@redhat.com
[    4.601352] ledtrig-cpu: registered to indicate activity on CPUs
[    4.604726] NET: Registered protocol family 10
[    4.609472] Segment Routing with IPv6
[    4.610484] NET: Registered protocol family 17
[    4.611735] Key type dns_resolver registered
[    4.613152] mce: Using 0 MCE banks
[    4.614170] RAS: Correctable Errors collector initialized.
[    4.615504] sched_clock: Marking stable (4613111836, 0)->(15920299605, -11307187769)
[    4.618409] registered taskstats version 1
[    4.619712] Loading compiled-in X.509 certificates
[    4.623472] Loaded X.509 cert 'Build time autogenerated kernel key: 01a66adcc10ca4ce7676a3458c33483b0e2b806e'
[    4.626147] zswap: loaded using pool lzo/zbud
[    4.631635] Key type big_key registered
[    4.632511] Key type trusted registered
[    4.634734] Key type encrypted registered
[    4.635560] AppArmor: AppArmor sha1 policy hashing enabled
[    4.636689] ima: No TPM chip found, activating TPM-bypass! (rc=-19)
[    4.637898] ima: Allocated hash algorithm: sha1
[    4.638804] evm: HMAC attrs: 0x1
[    4.639786]   Magic number: 11:764:967
[    4.640831] rtc_cmos rtc_cmos: setting system clock to 2019-11-13 03:59:39 UTC (1573617579)
[    4.645079] BIOS EDD facility v0.16 2004-Jun-25, 0 devices found
[    4.654610] EDD information not available.
[    4.742132] Freeing unused kernel image memory: 2436K
[    4.784422] Write protecting the kernel read-only data: 20480k
[    4.990831] Freeing unused kernel image memory: 2008K
[    5.014354] Freeing unused kernel image memory: 1884K
[    5.120175] x86/mm: Checked W+X mappings: passed, no W+X pages found.
[    5.215915] x86/mm: Checking user space page tables
[    5.363892] x86/mm: Checked W+X mappings: passed, no W+X pages found.
Loading, please wait...
starting version 237
[    5.455628] e1000: Intel(R) PRO/1000 Network Driver - version 7.3.21-k8-NAPI
[    5.491514] e1000: Copyright (c) 1999-2006 Intel Corporation.
[    5.498467] Fusion MPT base driver 3.04.20
[    5.546715] Copyright (c) 1999-2008 LSI Corporation
[    5.636298] AVX2 version of gcm_enc/dec engaged.
[    5.644546] AES CTR mode by8 optimization enabled
[    5.651729] Fusion MPT SPI Host driver 3.04.20
[    5.702436] input: ImExPS/2 Generic Explorer Mouse as /devices/platform/i8042/serio1/input/input4
[    6.014409] e1000 0000:00:03.0 eth0: (PCI:33MHz:32-bit) 02:76:54:76:58:75
[    6.224682] e1000 0000:00:03.0 eth0: Intel(R) PRO/1000 Network Connection
[    6.837641] e1000 0000:00:08.0 eth1: (PCI:33MHz:32-bit) 08:00:27:b6:13:f0
[    6.984435] e1000 0000:00:08.0 eth1: Intel(R) PRO/1000 Network Connection
[    7.191703] e1000 0000:00:08.0 enp0s8: renamed from eth1
[    7.310177] mptbase: ioc0: Initiating bringup
[    7.368946] e1000 0000:00:03.0 enp0s3: renamed from eth0
[    7.460564] ioc0: LSI53C1030 A0: Capabilities={Initiator}
[    7.800610] scsi host2: ioc0: LSI53C1030 A0, FwRev=00000000h, Ports=1, MaxQ=256, IRQ=20
[    7.969133] scsi 2:0:0:0: Direct-Access     VBOX     HARDDISK         1.0  PQ: 0 ANSI: 5
[    9.262977] scsi target2:0:0: Beginning Domain Validation
[   10.253907] scsi target2:0:0: Domain Validation skipping write tests
[   10.255054] scsi target2:0:0: Ending Domain Validation
[   10.256017] scsi target2:0:0: asynchronous
[   10.257025] scsi 2:0:1:0: Direct-Access     VBOX     HARDDISK         1.0  PQ: 0 ANSI: 5
[   10.796724] scsi target2:0:1: Beginning Domain Validation
[   11.038835] random: fast init done
[   11.040164] scsi target2:0:1: Domain Validation skipping write tests
[   11.041548] scsi target2:0:1: Ending Domain Validation
[   11.042603] scsi target2:0:1: asynchronous
[   11.046405] random: systemd-udevd: uninitialized urandom read (16 bytes read)
[   11.047819] random: systemd-udevd: uninitialized urandom read (16 bytes read)
[   11.049232] random: systemd-udevd: uninitialized urandom read (16 bytes read)
[   12.232533] sd 2:0:0:0: Attached scsi generic sg0 type 0
[   12.232827] random: systemd-udevd: uninitialized urandom read (16 bytes read)
[   12.252764] sd 2:0:0:0: [sda] 20971520 512-byte logical blocks: (10.7 GB/10.0 GiB)
[   12.252798] random: systemd-udevd: uninitialized urandom read (16 bytes read)
[   12.266066] sd 2:0:0:0: [sda] Write Protect is off
[   12.266168] random: systemd-udevd: uninitialized urandom read (16 bytes read)
[   12.269467] sd 2:0:1:0: Attached scsi generic sg1 type 0
[   12.271148] sd 2:0:1:0: [sdb] 20480 512-byte logical blocks: (10.5 MB/10.0 MiB)
[   12.273851] sd 2:0:1:0: [sdb] Write Protect is off
[   12.275057] sd 2:0:0:0: [sda] Incomplete mode parameter data
[   12.276555] sd 2:0:0:0: [sda] Assuming drive cache: write through
[   12.278478] sd 2:0:1:0: [sdb] Incomplete mode parameter data
[   12.279996] sd 2:0:1:0: [sdb] Assuming drive cache: write through
[   12.283598]  sda: sda1
[   12.285467] sd 2:0:0:0: [sda] Attached SCSI disk
[   12.286796] sd 2:0:1:0: [sdb] Attached SCSI disk
Begin: Loading essential drivers ... [   13.656214] raid6: sse2x1   gen() 13681 MB/s
[   13.756544] raid6: sse2x1   xor() 10251 MB/s
[   13.896222] raid6: sse2x2   gen() 15884 MB/s
[   14.040256] raid6: sse2x2   xor() 11591 MB/s
[   14.172178] raid6: sse2x4   gen() 19215 MB/s
[   14.316326] raid6: sse2x4   xor() 12149 MB/s
[   14.440240] raid6: avx2x1   gen() 27137 MB/s
[   14.504498] raid6: avx2x1   xor() 16905 MB/s
[   14.576028] raid6: avx2x2   gen() 30208 MB/s
[   14.732238] raid6: avx2x2   xor() 21099 MB/s
[   14.856320] raid6: avx2x4   gen() 38422 MB/s
[   14.956284] raid6: avx2x4   xor() 22876 MB/s
[   15.028384] raid6: using algorithm avx2x4 gen() 38422 MB/s
[   15.119770] raid6: .... xor() 22876 MB/s, rmw enabled
[   15.201953] raid6: using avx2x2 recovery algorithm
[   15.331609] xor: automatically using best checksumming function   avx       
[   15.526048] async_tx: api initialized (async)
done.
Begin: Running /scripts/init-premount ... done.
Begin: Mounting root file system ... Begin: Running /scripts/local-top ... done.
Begin: Running /scripts/local-premount ... [   15.606967] Btrfs loaded, crc32c=crc32c-intel
Scanning for Btrfs filesystems
done.
Warning: fsck not present, so skipping root file system
[   15.642556] EXT4-fs (sda1): mounted filesystem with ordered data mode. Opts: (null)
done.
Begin: Running /scripts/local-bottom ... done.
Begin: Running /scripts/init-bottom ... done.
[   15.822405] ip_tables: (C) 2000-2006 Netfilter Core Team
[   15.830690] systemd[1]: systemd 237 running in system mode. (+PAM +AUDIT +SELINUX +IMA +APPARMOR +SMACK +SYSVINIT +UTMP +LIBCRYPTSETUP +GCRYPT +GNUTLS +ACL +XZ +LZ4 +SECCOMP +BLKID +ELFUTILS +KMOD -IDN2 +IDN -PCRE2 default-hierarchy=hybrid)
[   15.834748] systemd[1]: Detected virtualization oracle.
[   15.835758] systemd[1]: Detected architecture x86-64.

Welcome to [1mUbuntu 18.04.3 LTS[0m!

[   15.949535] systemd[1]: Set hostname to <ubuntu-bionic>.
[   16.392448] systemd[1]: Reached target User and Group Name Lookups.
[[0;32m  OK  [0m] Reached target User and Group Name Lookups.
[   16.395380] systemd[1]: Reached target Swap.
[[0;32m  OK  [0m] Reached target Swap.
[   16.399686] systemd[1]: Created slice User and Session Slice.
[[0;32m  OK  [0m] Created slice User and Session Slice.
[   16.402241] systemd[1]: Reached target System Time Synchronized.
[[0;32m  OK  [0m] Reached target System Time Synchronized.
[   16.404937] systemd[1]: Created slice System Slice.
[[0;32m  OK  [0m] Created slice System Slice.
[   16.407075] systemd[1]: Reached target Slices.
[[0;32m  OK  [0m] Reached target Slices.
[[0;32m  OK  [0m] Listening on Journal Socket (/dev/log).
[[0;32m  OK  [0m] Created slice system-serial\x2dgetty.slice.
[[0;32m  OK  [0m] Listening on Syslog Socket.
[[0;32m  OK  [0m] Listening on Journal Socket.
         Starting Remount[   16.452824] EXT4-fs (sda1): re-mounted. Opts: (null)
 Root and Kernel File Systems...
         Starting Uncomplicated firewall...
         Mounting Huge Pages File System...
         Mounting Kernel Debug File System...
         Starting Create list of required st…ce nodes for the current kernel...
[[0;32m  OK  [0m] Listening on udev Control Socket.
[[0;32m  OK  [0m] Listening on Journal Audit Socket.
         Starting Journal Service...
         Starting Set the console keyboard layout...
         Starting Load Kernel Modules...
[[0;32m  OK  [0m] Listening on Network Service Netlink Socket.
[[0;32m  OK  [0m] Listening on udev Kernel Socket.
         Starting udev Coldplug all Devices...
[[0;32m  OK  [0m] Set up automo[   16.735082] Loading iSCSI transport class v2.0-870.
unt Arbitrary Executab…rmats File System Autom[   16.843116] iscsi: registered transport (tcp)
ount Point.
[[0;32m  OK  [0m] Listening on [   17.716371] iscsi: registered transport (iser)
LVM2 poll daemon socket.
[[0;32m  OK  [0m] Listening on /dev/initctl Compatibility Named Pipe.
         Mounting POSIX Message Queue File System...
[[0;32m  OK  [0m] Started Forward Password Requests to Wall Directory Watch.
[[0;32m  OK  [0m] Listening on LVM2 metadata daemon socket.
[[0;32m  OK  [0m] Listening on Device-mapper event daemon FIFOs.
         Starting Monitoring of LVM2 mirrors…ng dmeventd or progress polling...
[[0;32m  OK  [0m] Started Journal Service.
[[0;32m  OK  [0m] Started Remount Root and Kernel File Systems.
[[0;32m  OK  [0m] Started Uncomplicated firewall.
[[0;32m  OK  [0m] Mounted Huge Pages File System.
[[0;32m  OK  [0m] Mounted Kernel Debug File System.
[[0;32m  OK  [0m] Started Create list of required sta…vice nodes for the current kernel.
[[0;32m  OK  [0m] Started Set the console keyboard layout.
[[0;32m  OK  [0m] Started Load Kernel Modules.
[[0;32m  OK  [0m] Mounted POSIX Message Queue File System.
         Mounting Kernel Configuration File System...
         Mounting FUSE Control File System...
         Starting Apply Kernel Variables...
         Starting Create Static Device Nodes in /dev...
         Starting Load/Save Random Seed...
         Starting Flush Journal to Persistent Storage...
[[0;32m  OK  [0m] Started udev Coldplug all Devices.
[[0;32m  OK  [0m] Mounted Kernel Configuration File System.
[[0;32m  OK  [0m] Mounted FUSE Control File System.
[[0;32m  OK  [0m] Started Apply Kernel Variables.
[[0;32m  OK  [0m] Started Create Static Device Nodes in /dev.
[[0;32m  OK  [0m] Started Load/Save Random Seed.
[[0;32m  OK  [0m] Started LVM2 metadata daemon.
         Starting udev Kernel Device Manager...
[[0;32m  OK  [0m] Started Monitoring of LVM2 mirrors,…sing dmeventd or progress polling.
[[0;32m  OK  [0m] Reached target Local File Systems (Pre).
[[0;32m  OK  [0m] Reached target Local File Systems.
         Starting Tell Plymouth To Write Out Runtime Data...
         Starting AppArmor initialization...
         Starting Set console font and keymap...
         Starting ebtables ruleset management...
[[0;32m  OK  [0m] Started udev Kernel Device Manager.
[[0;32m  OK  [0m] Started Dispatch Password Requests to Console Directory Watch.
[[0;32m  OK  [0m] Reached target Local Encrypted Volumes.
[[0;32m  OK  [0m] Started Tell Plymouth To Write Out Runtime Data.
[[0;32m  OK  [0m] Started Set console font and keymap.
[[0;32m  OK  [0m] Started ebtables ruleset management.
[[0;32m  OK  [0m] Found device /dev/ttyS0.
[[0;32m  OK  [0m] Started Flush Journal to Persistent Storage.
         Starting Create Volatile Files and Directories...
[[0;32m  OK  [0m] Started Create Volatile Files and Directories.
[[0;32m  OK  [0m] Listening on Load/Save RF Kill Switch Status /dev/rfkill Watch.
         Starting Update UTMP about System Boot/Shutdown...
[[0;32m  OK  [0m] Started AppArmor initialization.
         Starting Initial cloud-init job (pre-networking)...
[[0;32m  OK  [0m] Started Update UTMP about System Boot/Shutdown.
[   19.407713] cloud-init[565]: Cloud-init v. 19.1-1-gbaa47854-0ubuntu1~18.04.1 running 'init-local' at Wed, 13 Nov 2019 03:59:54 +0000. Up 19.20 seconds.
[[0;32m  OK  [0m] Started Initial cloud-init job (pre-networking).
[[0;32m  OK  [0m] Reached target Network (Pre).
         Starting Network Service...
[[0;32m  OK  [0m] Started Network Service.
         Starting Network Name Resolution...
         Starting Wait for Network to be Configured...
[[0;32m  OK  [0m] Started Network Name Resolution.
[[0;32m  OK  [0m] Reached target Network.
[[0;32m  OK  [0m] Reached target Host and Network Name Lookups.
[[0;32m  OK  [0m] Started Wait for Network to be Configured.
         Starting Initial cloud-init job (metadata service crawler)...
[   22.048104] cloud-init[712]: Cloud-init v. 19.1-1-gbaa47854-0ubuntu1~18.04.1 running 'init' at Wed, 13 Nov 2019 03:59:56 +0000. Up 21.93 seconds.
[   22.108937] cloud-init[712]: ci-info: ++++++++++++++++++++++++++++++++++++++Net device info+++++++++++++++++++++++++++++++++++++++
[   22.111002] cloud-init[712]: ci-info: +--------+------+-----------------------------+---------------+--------+-------------------+
[   22.117546] cloud-init[712]: ci-info: | Device |  Up  |           Address           |      Mask     | Scope  |     Hw-Address    |
[   22.119514] cloud-init[712]: ci-info: +--------+------+-----------------------------+---------------+--------+-------------------+
[   22.131179] cloud-init[712]: ci-info: | enp0s3 | True |          10.0.2.15          | 255.255.255.0 | global | 02:76:54:76:58:75 |
[   22.152267] cloud-init[712]: ci-info: | enp0s3 | True |  fe80::76:54ff:fe76:5875/64 |       .       |  link  | 02:76:54:76:58:75 |
[   22.156215] cloud-init[712]: ci-info: | enp0s8 | True |        192.168.33.10        | 255.255.255.0 | global | 08:00:27:b6:13:f0 |
[   22.158215] cloud-init[712]: ci-info: | enp0s8 | True | fe80::a00:27ff:feb6:13f0/64 |       .       |  link  | 08:00:27:b6:13:f0 |
[   22.160313] cloud-init[712]: ci-info: |   lo   | True |          127.0.0.1          |   255.0.0.0   |  host  |         .         |
[   22.165875] cloud-init[712]: ci-info: |   lo   | True |           ::1/128           |       .       |  host  |         .         |
[   22.167855] cloud-init[712]: ci-info: +--------+------+-----------------------------+---------------+--------+-------------------+
[   22.182901] cloud-init[712]: ci-info: +++++++++++++++++++++++++++++Route IPv4 info+++++++++++++++++++++++++++++
[   22.193977] cloud-init[712]: ci-info: +-------+--------------+----------+-----------------+-----------+-------+
[   22.198470] cloud-init[712]: ci-info: | Route | Destination  | Gateway  |     Genmask     | Interface | Flags |
[   22.210123] cloud-init[712]: ci-info: +-------+--------------+----------+-----------------+-----------+-------+
[   22.213341] cloud-init[712]: ci-info: |   0   |   0.0.0.0    | 10.0.2.2 |     0.0.0.0     |   enp0s3  |   UG  |
[   22.217386] cloud-init[712]: ci-info: |   1   |   10.0.2.0   | 0.0.0.0  |  255.255.255.0  |   enp0s3  |   U   |
[   22.222728] cloud-init[712]: ci-info: |   2   |   10.0.2.2   | 0.0.0.0  | 255.255.255.255 |   enp0s3  |   UH  |
[   22.230155] cloud-init[712]: ci-info: |   3   | 192.168.33.0 | 0.0.0.0  |  255.255.255.0  |   enp0s8  |   U   |
[   22.234710] cloud-init[712]: ci-info: +-------+--------------+----------+-----------------+-----------+-------+
[   22.236543] cloud-init[712]: ci-info: +++++++++++++++++++Route IPv6 info+++++++++++++++++++
[   22.238046] cloud-init[712]: ci-info: +-------+-------------+---------+-----------+-------+
[   22.239555] cloud-init[712]: ci-info: | Route | Destination | Gateway | Interface | Flags |
[   22.244937] cloud-init[712]: ci-info: +-------+-------------+---------+-----------+-------+
[   22.310915] cloud-init[712]: ci-info: |   1   |  fe80::/64  |    ::   |   enp0s8  |   U   |
[   22.311222] cloud-init[712]: ci-info: |   2   |  fe80::/64  |    ::   |   enp0s3  |   U   |
[[0;32m  OK  [0m] Started Initial cloud-init job (metadata service crawler).
[   22.312154] cloud-init[712]: ci-info: |   4   |    local    |    ::   |   enp0s3  |   U   |
[   22.536634] cloud-init[712]: ci-info: |   5   |    local    |    ::   |   enp0s8  |   U   |
[   22.536863] cloud-init[712]: ci-info: |   6   |   ff00::/8  |    ::   |   enp0s8  |   U   |
[[0;32m  OK  [0m] Reached target Network is Online.
[   22.537323] cloud-init[712]: ci-info: |   7   |   ff00::/8  |    ::   |   enp0s3  |   U   |
[[   22.589088] cloud-init[712]: ci-info: +-------+-------------+---------+-----------+-------+
[0;32m  OK  [0m] Reached target Remote File Systems (Pre).
[[0;32m  OK  [0m] Reached target Remote File Systems.
         Starting Availability of block devices...
[[0;32m  OK  [0m] Reached target System Initialization.
[[0;32m  OK  [0m] Listening on UUID daemon activation socket.
[[0;32m  OK  [0m] Started Daily Cleanup of Temporary Directories.
         Starting Socket activation for snappy daemon.
[[0;32m  OK  [0m] Started Message of the Day.
[[0;32m  OK  [0m] Listening on Open-iSCSI iscsid Socket.
[[0;32m  OK  [0m] Started Daily apt download activities.
[[0;32m  OK  [0m] Listening on ACPID Listen Socket.
[[0;32m  OK  [0m] Started ACPI Events Check.
         Starting LXD - unix socket.
[[0;32m  OK  [0m] Listening on D-Bus System Message Bus Socket.
[[0;32m  OK  [0m] Started Daily apt upgrade and clean activities.
[[0;32m  OK  [0m] Started Discard unused blocks once a week.
[[0;32m  OK  [0m] Reached target Timers.
[[0;32m  OK  [0m] Reached target Paths.
[[0;32m  OK  [0m] Reached target Cloud-config availability.
[[0;32m  OK  [0m] Started Availability of block devices.
[[0;32m  OK  [0m] Listening on Socket activation for snappy daemon.
[[0;32m  OK  [0m] Listening on LXD - unix socket.
[[0;32m  OK  [0m] Reached target Sockets.
[[0;32m  OK  [0m] Reached target Basic System.
         Starting Accounts Service...
         Starting LXD - container startup/shutdown...
         Starting Login Service...
[[0;32m  OK  [0m] Started irqbalance daemon.
[[0;32m  OK  [0m] Started Deferred execution scheduler.
[[0;32m  OK  [0m] Started FUSE filesystem for LXC.
         Starting System Logging Service...
         Starting LSB: Record successful boot for GRUB...
         Starting vboxadd.service...
         Starting OpenBSD Secure Shell server...
         Starting LSB: automatic crash report generation...
[[0;32m  OK  [0m] Started Regular background program processing daemon.
[[0;32m  OK  [0m] Started D-Bus System Message Bus.
[[0;32m  OK  [0m] Started Login Service.
[[0;32m  OK  [0m] Started Unattended Upgrades Shutdown.
         Starting Dispatcher daemon for systemd-networkd...
         Starting Permit User Sessions...
         Starting Message of the Day...
         Starting Snappy daemon...
[[0;32m  OK  [0m] Started System Logging Service.
[[0;32m  OK  [0m] Started LXD - container startup/shutdown.
[[0;32m  OK  [0m] Started Permit User Sessions.
[[0;32m  OK  [0m] Started OpenBSD Secure Shell server.
         Starting Authorization Manager...
         Starting Terminate Plymouth Boot Screen...
         Starting Hold until boot process finishes up...
[[0;32m  OK  [0m] Started Hold until boot process finishes up.
[[0;32m  OK  [0m] Started Terminate Plymouth Boot Screen.
         Starting Set console scheme...
[[0;32m  OK  [0m] Started Serial Getty on ttyS0.
[[0;32m  OK  [0m] Started Authorization Manager.
[[0;32m  OK  [0m] Started Set console scheme.
[[0;32m  OK  [0m] Started Accounts Service.
[[0;32m  OK  [0m] Created slice system-getty.slice.
[[0;32m  OK  [0m] Started Getty on tty1.
[[0;32m  OK  [0m] Reached target Login Prompts.
[[0;32m  OK  [0m] Started LSB: automatic crash report generation.
[[0;32m  OK  [0m] Started LSB: Record successful boot for GRUB.
[[0;32m  OK  [0m] Created slice User Slice of vagrant.
[[0;32m  OK  [0m] Started vboxadd.service.
[[0;32m  OK  [0m] Started Session 1 of user vagrant.
         Starting vboxadd-service.service...
         Starting User Manager for UID 1000...
[[0;32m  OK  [0m] Started vboxadd-service.service.
[[0;32m  OK  [0m] Started Snappy daemon.
         Starting Wait until snapd is fully seeded...
[[0;32m  OK  [0m] Started User Manager for UID 1000.
[[0;32m  OK  [0m] Started Wait until snapd is fully seeded.
[[0;32m  OK  [0m] Started Dispatcher daemon for systemd-networkd.
[[0;32m  OK  [0m] Reached target Multi-User System.
[[0;32m  OK  [0m] Reached target Graphical Interface.
         Starting Update UTMP about System Runlevel Changes...
         Starting Apply the settings specified in cloud-config...
[[0;32m  OK  [0m] Started Update UTMP about System Runlevel Changes.
[   24.553973] cloud-init[1245]: Cloud-init v. 19.1-1-gbaa47854-0ubuntu1~18.04.1 running 'modules:config' at Wed, 13 Nov 2019 03:59:59 +0000. Up 24.42 seconds.
[[0;32m  OK  [0m] Started Apply the settings specified in cloud-config.
         Starting Execute cloud user/final scripts...
[   25.133786] cloud-init[1340]: Cloud-init v. 19.1-1-gbaa47854-0ubuntu1~18.04.1 running 'modules:final' at Wed, 13 Nov 2019 03:59:59 +0000. Up 25.03 seconds.
[[0;32m  OK  [0m] Started Execute cloud user/final scripts.
[[0;32m  OK  [0m] Reached target Cloud-init target.
[   25.254625] cloud-init[1340]: Cloud-init v. 19.1-1-gbaa47854-0ubuntu1~18.04.1 finished at Wed, 13 Nov 2019 03:59:59 +0000. Datasource DataSourceNoCloud [seed=/dev/sdb][dsmode=net].  Up 25.12 seconds
[[0;32m  OK  [0m] Started Message of the Day.

Ubuntu 18.04.3 LTS ubuntu-bionic ttyS0

ubuntu-bionic login: 